

Version:	3.50
CmdLine:	C:\Users\tsukk\repos\cbyte\C-Byte.exe --l4j-debug
JNI:		No
WOW64:		Yes
Working dir:	C:\Users\tsukk\repos\cbyte\.
Requires JDK:	No
Requires 64-Bit: No
Java min ver:	1.017.000
Java max ver:	
Substitute:	JAVA_HOME = C:\Program Files\Microsoft\jdk-17.0.11.9-hotspot\
Substitute:	PATH = C:\Python312\Scripts\;C:\Python312\;C:\Program Files\Microsoft\jdk-17.0.11.9-hotspot\bin;C:\Program Files (x86)\Common Files\Oracle\Java\javapath;C:\db_home\bin;C:\Users\tsukk\Downloads\db_home\bin;C:\Windows\system32;C:\Windows;C:\Windows\System32\Wbem;C:\Windows\System32\WindowsPowerShell\v1.0\;C:\Windows\System32\OpenSSH\;C:\Program Files\apache-maven-3.9.3\bin;C:\ProgramData\chocolatey\bin;C:\Program Files (x86)\Windows Kits\10\Windows Performance Toolkit\;C:\Program Files\Git\cmd;C:\Program Files\dotnet\;C:\Program Files\nodejs\;C:\Windows\System32\node_modules\.bin;C:\Program Files (x86)\Go\bin;C:\Gradle\gradle-8.10.2\bin;C:\Program Files\MySQL\MySQL Server 8.4\bin;C:\Users\tsukk\AppData\Local\Android\Sdk\platform-tools;C:\Program Files\Docker\Docker\resources\bin;C:\Program Files\NASM;C:\Program Files\MySQL\MySQL Shell 8.0\bin\;C:\Users\tsukk\.cargo\bin;C:\Users\tsukk\AppData\Local\Programs\Python\Python311\;C:\Users\tsukk\AppData\Local\Microsoft\WindowsApps;C:\Users\tsukk\AppData\Local\Programs\Microsoft VS Code\bin;C:\msys64\mingw64\bin;C:\tools\dart-sdk\bin;C:\flutter\bin;C:\Users\tsukk\AppData\Local\Pub\Cache\bin;C:\Users\tsukk\OneDrive\Documents\Rainmeter\Skins\#Mond;C:\Program Files\JetBrains\IntelliJ IDEA 2024.1.2\bin;C:\Program Files\JetBrains\IntelliJ IDEA Community Edition 2024.1.2\bin;C:\Users\tsukk\apache-maven-3.9.8\bin;C:\Program Files\Microsoft\jdk-17.0.11.9-hotspot\\bin;C:\Users\tsukk\AppData\Local\GitHubDesktop\bin;C:\Users\tsukk\AppData\Roaming\npm;C:\Users\tsukk\AppData\Roaming\cabal\bin;C:\tools\ghc-9.8.2\bin;C:\Program Files (x86)\Nmap;C:\Users\tsukk\go\bin;C:\Program Files\Microsoft\jdk-17.0.11.9-hotspot\\bin
JRE paths:	C:\Program Files\Microsoft\jdk-17.0.11.9-hotspot\;C:\Python312\Scripts\;C:\Python312\;C:\Program Files\Microsoft\jdk-17.0.11.9-hotspot\bin;C:\Program Files (x86)\Common Files\Oracle\Java\javapath;C:\db_home\bin;C:\Users\tsukk\Downloads\db_home\bin;C:\Windows\system32;C:\Windows;C:\Windows\System32\Wbem;C:\Windows\System32\WindowsPowerShell\v1.0\;C:\Windows\System32\OpenSSH\;C:\Program Files\apache-maven-3.9.3\bin;C:\ProgramData\chocolatey\bin;C:\Program Files (x86)\Windows Kits\10\Windows Performance Toolkit\;C:\Program Files\Git\cmd;C:\Program Files\dotnet\;C:\Program Files\nodejs\;C:\Windows\System32\node_modules\.bin;C:\Program Files (x86)\Go\bin;C:\Gradle\gradle-8.10.2\bin;C:\Program Files\MySQL\MySQL Server 8.4\bin;C:\Users\tsukk\AppData\Local\Android\Sdk\platform-tools;C:\Program Files\Docker\Docker\resources\bin;C:\Program Files\NASM;C:\Program Files\MySQL\MySQL Shell 8.0\bin\;C:\Users\tsukk\.cargo\bin;C:\Users\tsukk\AppData\Local\Programs\Python\Python311\;C:\Users\tsukk\AppData\Local\Microsoft\WindowsApps;C:\Users\tsukk\AppData\Local\Programs\Microsoft VS Code\bin;C:\msys64\mingw64\bin;C:\tools\dart-sdk\bin;C:\flutter\bin;C:\Users\tsukk\AppData\Local\Pub\Cache\bin;C:\Users\tsukk\OneDrive\Documents\Rainmeter\Skins\#Mond;C:\Program Files\JetBrains\IntelliJ IDEA 2024.1.2\bin;C:\Program Files\JetBrains\IntelliJ IDEA Community Edition 2024.1.2\bin;C:\Users\tsukk\apache-maven-3.9.8\bin;C:\Program Files\Microsoft\jdk-17.0.11.9-hotspot\\bin;C:\Users\tsukk\AppData\Local\GitHubDesktop\bin;C:\Users\tsukk\AppData\Roaming\npm;C:\Users\tsukk\AppData\Roaming\cabal\bin;C:\tools\ghc-9.8.2\bin;C:\Program Files (x86)\Nmap;C:\Users\tsukk\go\bin;C:\Program Files\Microsoft\jdk-17.0.11.9-hotspot\\bin
Check launcher:	C:\Program Files\Microsoft\jdk-17.0.11.9-hotspot\bin\javaw.exe (OK)
Version string: 1.017.000_011 / 64-Bit (OK)
Launcher:	C:\Program Files\Microsoft\jdk-17.0.11.9-hotspot\bin\javaw.exe
Launcher args:	-jar "C:\Users\tsukk\repos\cbyte\C-Byte.exe"
Args length:	44/32768 chars
Exit code:	0


Version:	3.50
CmdLine:	C:\Users\tsukk\repos\cbyte\C-Byte.exe --l4j-debug
JNI:		No
WOW64:		Yes
Working dir:	C:\Users\tsukk\repos\cbyte\.
Requires JDK:	No
Requires 64-Bit: No
Java min ver:	1.017.000
Java max ver:	
Substitute:	JAVA_HOME = C:\Program Files\Microsoft\jdk-17.0.11.9-hotspot\
Substitute:	PATH = C:\Python312\Scripts\;C:\Python312\;C:\Program Files\Microsoft\jdk-17.0.11.9-hotspot\bin;C:\Program Files (x86)\Common Files\Oracle\Java\javapath;C:\db_home\bin;C:\Users\tsukk\Downloads\db_home\bin;C:\Windows\system32;C:\Windows;C:\Windows\System32\Wbem;C:\Windows\System32\WindowsPowerShell\v1.0\;C:\Windows\System32\OpenSSH\;C:\Program Files\apache-maven-3.9.3\bin;C:\ProgramData\chocolatey\bin;C:\Program Files (x86)\Windows Kits\10\Windows Performance Toolkit\;C:\Program Files\Git\cmd;C:\Program Files\dotnet\;C:\Program Files\nodejs\;C:\Windows\System32\node_modules\.bin;C:\Program Files (x86)\Go\bin;C:\Gradle\gradle-8.10.2\bin;C:\Program Files\MySQL\MySQL Server 8.4\bin;C:\Users\tsukk\AppData\Local\Android\Sdk\platform-tools;C:\Program Files\Docker\Docker\resources\bin;C:\Program Files\NASM;C:\Program Files\MySQL\MySQL Shell 8.0\bin\;C:\Users\tsukk\.cargo\bin;C:\Users\tsukk\AppData\Local\Programs\Python\Python311\;C:\Users\tsukk\AppData\Local\Microsoft\WindowsApps;C:\Users\tsukk\AppData\Local\Programs\Microsoft VS Code\bin;C:\msys64\mingw64\bin;C:\tools\dart-sdk\bin;C:\flutter\bin;C:\Users\tsukk\AppData\Local\Pub\Cache\bin;C:\Users\tsukk\OneDrive\Documents\Rainmeter\Skins\#Mond;C:\Program Files\JetBrains\IntelliJ IDEA 2024.1.2\bin;C:\Program Files\JetBrains\IntelliJ IDEA Community Edition 2024.1.2\bin;C:\Users\tsukk\apache-maven-3.9.8\bin;C:\Program Files\Microsoft\jdk-17.0.11.9-hotspot\\bin;C:\Users\tsukk\AppData\Local\GitHubDesktop\bin;C:\Users\tsukk\AppData\Roaming\npm;C:\Users\tsukk\AppData\Roaming\cabal\bin;C:\tools\ghc-9.8.2\bin;C:\Program Files (x86)\Nmap;C:\Users\tsukk\go\bin;C:\Program Files\Microsoft\jdk-17.0.11.9-hotspot\\bin
JRE paths:	C:\Program Files\Microsoft\jdk-17.0.11.9-hotspot\;C:\Python312\Scripts\;C:\Python312\;C:\Program Files\Microsoft\jdk-17.0.11.9-hotspot\bin;C:\Program Files (x86)\Common Files\Oracle\Java\javapath;C:\db_home\bin;C:\Users\tsukk\Downloads\db_home\bin;C:\Windows\system32;C:\Windows;C:\Windows\System32\Wbem;C:\Windows\System32\WindowsPowerShell\v1.0\;C:\Windows\System32\OpenSSH\;C:\Program Files\apache-maven-3.9.3\bin;C:\ProgramData\chocolatey\bin;C:\Program Files (x86)\Windows Kits\10\Windows Performance Toolkit\;C:\Program Files\Git\cmd;C:\Program Files\dotnet\;C:\Program Files\nodejs\;C:\Windows\System32\node_modules\.bin;C:\Program Files (x86)\Go\bin;C:\Gradle\gradle-8.10.2\bin;C:\Program Files\MySQL\MySQL Server 8.4\bin;C:\Users\tsukk\AppData\Local\Android\Sdk\platform-tools;C:\Program Files\Docker\Docker\resources\bin;C:\Program Files\NASM;C:\Program Files\MySQL\MySQL Shell 8.0\bin\;C:\Users\tsukk\.cargo\bin;C:\Users\tsukk\AppData\Local\Programs\Python\Python311\;C:\Users\tsukk\AppData\Local\Microsoft\WindowsApps;C:\Users\tsukk\AppData\Local\Programs\Microsoft VS Code\bin;C:\msys64\mingw64\bin;C:\tools\dart-sdk\bin;C:\flutter\bin;C:\Users\tsukk\AppData\Local\Pub\Cache\bin;C:\Users\tsukk\OneDrive\Documents\Rainmeter\Skins\#Mond;C:\Program Files\JetBrains\IntelliJ IDEA 2024.1.2\bin;C:\Program Files\JetBrains\IntelliJ IDEA Community Edition 2024.1.2\bin;C:\Users\tsukk\apache-maven-3.9.8\bin;C:\Program Files\Microsoft\jdk-17.0.11.9-hotspot\\bin;C:\Users\tsukk\AppData\Local\GitHubDesktop\bin;C:\Users\tsukk\AppData\Roaming\npm;C:\Users\tsukk\AppData\Roaming\cabal\bin;C:\tools\ghc-9.8.2\bin;C:\Program Files (x86)\Nmap;C:\Users\tsukk\go\bin;C:\Program Files\Microsoft\jdk-17.0.11.9-hotspot\\bin
Check launcher:	C:\Program Files\Microsoft\jdk-17.0.11.9-hotspot\bin\javaw.exe (OK)
Version string: 1.017.000_011 / 64-Bit (OK)
Launcher:	C:\Program Files\Microsoft\jdk-17.0.11.9-hotspot\bin\javaw.exe
Launcher args:	-jar "C:\Users\tsukk\repos\cbyte\C-Byte.exe"
Args length:	44/32768 chars
Exit code:	0


Version:	3.50
CmdLine:	C:\Users\tsukk\repos\cbyte\C-Byte.exe --l4j-debug
JNI:		No
WOW64:		Yes
Working dir:	C:\Users\tsukk\repos\cbyte\.
Requires JDK:	No
Requires 64-Bit: No
Java min ver:	1.017.000
Java max ver:	
Substitute:	JAVA_HOME = C:\Program Files\OpenJDK\jdk-22.0.2
Substitute:	PATH = C:\Python312\Scripts\;C:\Python312\;C:\Program Files\Microsoft\jdk-17.0.11.9-hotspot\bin;C:\Program Files (x86)\Common Files\Oracle\Java\javapath;C:\db_home\bin;C:\Users\tsukk\Downloads\db_home\bin;C:\Windows\system32;C:\Windows;C:\Windows\System32\Wbem;C:\Windows\System32\WindowsPowerShell\v1.0\;C:\Windows\System32\OpenSSH\;C:\Program Files\apache-maven-3.9.3\bin;C:\ProgramData\chocolatey\bin;C:\Program Files (x86)\Windows Kits\10\Windows Performance Toolkit\;C:\Program Files\Git\cmd;C:\Program Files\dotnet\;C:\Program Files\nodejs\;C:\Windows\System32\node_modules\.bin;C:\Program Files (x86)\Go\bin;C:\Gradle\gradle-8.10.2\bin;C:\Program Files\MySQL\MySQL Server 8.4\bin;C:\Users\tsukk\AppData\Local\Android\Sdk\platform-tools;C:\Program Files\Docker\Docker\resources\bin;C:\Program Files\NASM;C:\Program Files\MySQL\MySQL Shell 8.0\bin\;C:\Users\tsukk\.cargo\bin;C:\Users\tsukk\AppData\Local\Android\Sdk\platform-tools;C:\Users\tsukk\AppData\Local\Programs\Python\Python311\;C:\Users\tsukk\AppData\Local\Microsoft\WindowsApps;C:\Users\tsukk\AppData\Local\Programs\Microsoft VS Code\bin;C:\msys64\mingw64\bin;C:\tools\dart-sdk\bin;C:\flutter\bin;C:\Users\tsukk\AppData\Local\Pub\Cache\bin;C:\Users\tsukk\OneDrive\Documents\Rainmeter\Skins\#Mond;C:\Program Files\JetBrains\IntelliJ IDEA 2024.1.2\bin;;C:\Program Files\JetBrains\IntelliJ IDEA Community Edition 2024.1.2\bin;;C:\Users\tsukk\apache-maven-3.9.8\bin;C:\Program Files\apache-maven-3.9.3\bin;C:\Program Files\OpenJDK\jdk-22.0.2\bin;C:\Users\tsukk\AppData\Local\GitHubDesktop\bin;C:\Users\tsukk\AppData\Roaming\npm;C:\Users\tsukk\AppData\Roaming\cabal\bin;C:\tools\ghc-9.8.2\bin;C:\Program Files (x86)\Nmap;C:\Users\tsukk\go\bin;C:\Program Files\nodejs\;;C:\Program Files\OpenJDK\jdk-22.0.2\bin
JRE paths:	C:\Program Files\OpenJDK\jdk-22.0.2;C:\Python312\Scripts\;C:\Python312\;C:\Program Files\Microsoft\jdk-17.0.11.9-hotspot\bin;C:\Program Files (x86)\Common Files\Oracle\Java\javapath;C:\db_home\bin;C:\Users\tsukk\Downloads\db_home\bin;C:\Windows\system32;C:\Windows;C:\Windows\System32\Wbem;C:\Windows\System32\WindowsPowerShell\v1.0\;C:\Windows\System32\OpenSSH\;C:\Program Files\apache-maven-3.9.3\bin;C:\ProgramData\chocolatey\bin;C:\Program Files (x86)\Windows Kits\10\Windows Performance Toolkit\;C:\Program Files\Git\cmd;C:\Program Files\dotnet\;C:\Program Files\nodejs\;C:\Windows\System32\node_modules\.bin;C:\Program Files (x86)\Go\bin;C:\Gradle\gradle-8.10.2\bin;C:\Program Files\MySQL\MySQL Server 8.4\bin;C:\Users\tsukk\AppData\Local\Android\Sdk\platform-tools;C:\Program Files\Docker\Docker\resources\bin;C:\Program Files\NASM;C:\Program Files\MySQL\MySQL Shell 8.0\bin\;C:\Users\tsukk\.cargo\bin;C:\Users\tsukk\AppData\Local\Android\Sdk\platform-tools;C:\Users\tsukk\AppData\Local\Programs\Python\Python311\;C:\Users\tsukk\AppData\Local\Microsoft\WindowsApps;C:\Users\tsukk\AppData\Local\Programs\Microsoft VS Code\bin;C:\msys64\mingw64\bin;C:\tools\dart-sdk\bin;C:\flutter\bin;C:\Users\tsukk\AppData\Local\Pub\Cache\bin;C:\Users\tsukk\OneDrive\Documents\Rainmeter\Skins\#Mond;C:\Program Files\JetBrains\IntelliJ IDEA 2024.1.2\bin;;C:\Program Files\JetBrains\IntelliJ IDEA Community Edition 2024.1.2\bin;;C:\Users\tsukk\apache-maven-3.9.8\bin;C:\Program Files\apache-maven-3.9.3\bin;C:\Program Files\OpenJDK\jdk-22.0.2\bin;C:\Users\tsukk\AppData\Local\GitHubDesktop\bin;C:\Users\tsukk\AppData\Roaming\npm;C:\Users\tsukk\AppData\Roaming\cabal\bin;C:\tools\ghc-9.8.2\bin;C:\Program Files (x86)\Nmap;C:\Users\tsukk\go\bin;C:\Program Files\nodejs\;;C:\Program Files\OpenJDK\jdk-22.0.2\bin
Check launcher:	C:\Program Files\OpenJDK\jdk-22.0.2\bin\javaw.exe (OK)
Version string: 1.022.000_002 / 64-Bit (OK)
Launcher:	C:\Program Files\OpenJDK\jdk-22.0.2\bin\javaw.exe
Launcher args:	-jar "C:\Users\tsukk\repos\cbyte\C-Byte.exe"
Args length:	44/32768 chars
Exit code:	0


Version:	3.50
CmdLine:	C:\Users\tsukk\repos\cbyte\C-Byte.exe --l4j-debug
JNI:		No
WOW64:		Yes
Working dir:	C:\Users\tsukk\repos\cbyte\.
Requires JDK:	No
Requires 64-Bit: No
Java min ver:	
Java max ver:	
Substitute:	JAVA_HOME = C:\Program Files\OpenJDK\jdk-22.0.2
Substitute:	PATH = C:\Python312\Scripts\;C:\Python312\;C:\Program Files\Microsoft\jdk-17.0.11.9-hotspot\bin;C:\Program Files (x86)\Common Files\Oracle\Java\javapath;C:\db_home\bin;C:\Users\tsukk\Downloads\db_home\bin;C:\Windows\system32;C:\Windows;C:\Windows\System32\Wbem;C:\Windows\System32\WindowsPowerShell\v1.0\;C:\Windows\System32\OpenSSH\;C:\Program Files\apache-maven-3.9.3\bin;C:\ProgramData\chocolatey\bin;C:\Program Files (x86)\Windows Kits\10\Windows Performance Toolkit\;C:\Program Files\Git\cmd;C:\Program Files\dotnet\;C:\Program Files\nodejs\;C:\Windows\System32\node_modules\.bin;C:\Program Files (x86)\Go\bin;C:\Gradle\gradle-8.10.2\bin;C:\Program Files\MySQL\MySQL Server 8.4\bin;C:\Users\tsukk\AppData\Local\Android\Sdk\platform-tools;C:\Program Files\Docker\Docker\resources\bin;C:\Program Files\NASM;C:\Program Files\MySQL\MySQL Shell 8.0\bin\;C:\Users\tsukk\.cargo\bin;C:\Users\tsukk\AppData\Local\Android\Sdk\platform-tools;C:\Users\tsukk\AppData\Local\Programs\Python\Python311\;C:\Users\tsukk\AppData\Local\Microsoft\WindowsApps;C:\Users\tsukk\AppData\Local\Programs\Microsoft VS Code\bin;C:\msys64\mingw64\bin;C:\tools\dart-sdk\bin;C:\flutter\bin;C:\Users\tsukk\AppData\Local\Pub\Cache\bin;C:\Users\tsukk\OneDrive\Documents\Rainmeter\Skins\#Mond;C:\Program Files\JetBrains\IntelliJ IDEA 2024.1.2\bin;;C:\Program Files\JetBrains\IntelliJ IDEA Community Edition 2024.1.2\bin;;C:\Users\tsukk\apache-maven-3.9.8\bin;C:\Program Files\apache-maven-3.9.3\bin;C:\Program Files\OpenJDK\jdk-22.0.2\bin;C:\Users\tsukk\AppData\Local\GitHubDesktop\bin;C:\Users\tsukk\AppData\Roaming\npm;C:\Users\tsukk\AppData\Roaming\cabal\bin;C:\tools\ghc-9.8.2\bin;C:\Program Files (x86)\Nmap;C:\Users\tsukk\go\bin;C:\Program Files\nodejs\;;C:\Program Files\OpenJDK\jdk-22.0.2\bin
JRE paths:	C:\Program Files\OpenJDK\jdk-22.0.2;C:\Python312\Scripts\;C:\Python312\;C:\Program Files\Microsoft\jdk-17.0.11.9-hotspot\bin;C:\Program Files (x86)\Common Files\Oracle\Java\javapath;C:\db_home\bin;C:\Users\tsukk\Downloads\db_home\bin;C:\Windows\system32;C:\Windows;C:\Windows\System32\Wbem;C:\Windows\System32\WindowsPowerShell\v1.0\;C:\Windows\System32\OpenSSH\;C:\Program Files\apache-maven-3.9.3\bin;C:\ProgramData\chocolatey\bin;C:\Program Files (x86)\Windows Kits\10\Windows Performance Toolkit\;C:\Program Files\Git\cmd;C:\Program Files\dotnet\;C:\Program Files\nodejs\;C:\Windows\System32\node_modules\.bin;C:\Program Files (x86)\Go\bin;C:\Gradle\gradle-8.10.2\bin;C:\Program Files\MySQL\MySQL Server 8.4\bin;C:\Users\tsukk\AppData\Local\Android\Sdk\platform-tools;C:\Program Files\Docker\Docker\resources\bin;C:\Program Files\NASM;C:\Program Files\MySQL\MySQL Shell 8.0\bin\;C:\Users\tsukk\.cargo\bin;C:\Users\tsukk\AppData\Local\Android\Sdk\platform-tools;C:\Users\tsukk\AppData\Local\Programs\Python\Python311\;C:\Users\tsukk\AppData\Local\Microsoft\WindowsApps;C:\Users\tsukk\AppData\Local\Programs\Microsoft VS Code\bin;C:\msys64\mingw64\bin;C:\tools\dart-sdk\bin;C:\flutter\bin;C:\Users\tsukk\AppData\Local\Pub\Cache\bin;C:\Users\tsukk\OneDrive\Documents\Rainmeter\Skins\#Mond;C:\Program Files\JetBrains\IntelliJ IDEA 2024.1.2\bin;;C:\Program Files\JetBrains\IntelliJ IDEA Community Edition 2024.1.2\bin;;C:\Users\tsukk\apache-maven-3.9.8\bin;C:\Program Files\apache-maven-3.9.3\bin;C:\Program Files\OpenJDK\jdk-22.0.2\bin;C:\Users\tsukk\AppData\Local\GitHubDesktop\bin;C:\Users\tsukk\AppData\Roaming\npm;C:\Users\tsukk\AppData\Roaming\cabal\bin;C:\tools\ghc-9.8.2\bin;C:\Program Files (x86)\Nmap;C:\Users\tsukk\go\bin;C:\Program Files\nodejs\;;C:\Program Files\OpenJDK\jdk-22.0.2\bin
Check launcher:	C:\Program Files\OpenJDK\jdk-22.0.2\bin\javaw.exe (OK)
Version string: 1.022.000_002 / 64-Bit (OK)
Launcher:	C:\Program Files\OpenJDK\jdk-22.0.2\bin\javaw.exe
Launcher args:	-jar "C:\Users\tsukk\repos\cbyte\C-Byte.exe"
Args length:	44/32768 chars
Exit code:	0


Version:	3.50
CmdLine:	C:\Users\tsukk\repos\cbyte\C-Byte.exe --l4j-debug
JNI:		No
WOW64:		Yes
Working dir:	C:\Users\tsukk\repos\cbyte\.
Requires JDK:	Yes
Requires 64-Bit: No
Java min ver:	1.022.000
Java max ver:	
Substitute:	JAVA_HOME = C:\Program Files\OpenJDK\jdk-22.0.2
Substitute:	PATH = C:\Python312\Scripts\;C:\Python312\;C:\Program Files\Microsoft\jdk-17.0.11.9-hotspot\bin;C:\Program Files (x86)\Common Files\Oracle\Java\javapath;C:\db_home\bin;C:\Users\tsukk\Downloads\db_home\bin;C:\Windows\system32;C:\Windows;C:\Windows\System32\Wbem;C:\Windows\System32\WindowsPowerShell\v1.0\;C:\Windows\System32\OpenSSH\;C:\Program Files\apache-maven-3.9.3\bin;C:\ProgramData\chocolatey\bin;C:\Program Files (x86)\Windows Kits\10\Windows Performance Toolkit\;C:\Program Files\Git\cmd;C:\Program Files\dotnet\;C:\Program Files\nodejs\;C:\Windows\System32\node_modules\.bin;C:\Program Files (x86)\Go\bin;C:\Gradle\gradle-8.10.2\bin;C:\Program Files\MySQL\MySQL Server 8.4\bin;C:\Users\tsukk\AppData\Local\Android\Sdk\platform-tools;C:\Program Files\Docker\Docker\resources\bin;C:\Program Files\NASM;C:\Program Files\MySQL\MySQL Shell 8.0\bin\;C:\Users\tsukk\.cargo\bin;C:\Users\tsukk\AppData\Local\Android\Sdk\platform-tools;C:\Users\tsukk\AppData\Local\Programs\Python\Python311\;C:\Users\tsukk\AppData\Local\Microsoft\WindowsApps;C:\Users\tsukk\AppData\Local\Programs\Microsoft VS Code\bin;C:\msys64\mingw64\bin;C:\tools\dart-sdk\bin;C:\flutter\bin;C:\Users\tsukk\AppData\Local\Pub\Cache\bin;C:\Users\tsukk\OneDrive\Documents\Rainmeter\Skins\#Mond;C:\Program Files\JetBrains\IntelliJ IDEA 2024.1.2\bin;;C:\Program Files\JetBrains\IntelliJ IDEA Community Edition 2024.1.2\bin;;C:\Users\tsukk\apache-maven-3.9.8\bin;C:\Program Files\apache-maven-3.9.3\bin;C:\Program Files\OpenJDK\jdk-22.0.2\bin;C:\Users\tsukk\AppData\Local\GitHubDesktop\bin;C:\Users\tsukk\AppData\Roaming\npm;C:\Users\tsukk\AppData\Roaming\cabal\bin;C:\tools\ghc-9.8.2\bin;C:\Program Files (x86)\Nmap;C:\Users\tsukk\go\bin;C:\Program Files\nodejs\;;C:\Program Files\OpenJDK\jdk-22.0.2\bin
JRE paths:	C:\Program Files\OpenJDK\jdk-22.0.2;C:\Python312\Scripts\;C:\Python312\;C:\Program Files\Microsoft\jdk-17.0.11.9-hotspot\bin;C:\Program Files (x86)\Common Files\Oracle\Java\javapath;C:\db_home\bin;C:\Users\tsukk\Downloads\db_home\bin;C:\Windows\system32;C:\Windows;C:\Windows\System32\Wbem;C:\Windows\System32\WindowsPowerShell\v1.0\;C:\Windows\System32\OpenSSH\;C:\Program Files\apache-maven-3.9.3\bin;C:\ProgramData\chocolatey\bin;C:\Program Files (x86)\Windows Kits\10\Windows Performance Toolkit\;C:\Program Files\Git\cmd;C:\Program Files\dotnet\;C:\Program Files\nodejs\;C:\Windows\System32\node_modules\.bin;C:\Program Files (x86)\Go\bin;C:\Gradle\gradle-8.10.2\bin;C:\Program Files\MySQL\MySQL Server 8.4\bin;C:\Users\tsukk\AppData\Local\Android\Sdk\platform-tools;C:\Program Files\Docker\Docker\resources\bin;C:\Program Files\NASM;C:\Program Files\MySQL\MySQL Shell 8.0\bin\;C:\Users\tsukk\.cargo\bin;C:\Users\tsukk\AppData\Local\Android\Sdk\platform-tools;C:\Users\tsukk\AppData\Local\Programs\Python\Python311\;C:\Users\tsukk\AppData\Local\Microsoft\WindowsApps;C:\Users\tsukk\AppData\Local\Programs\Microsoft VS Code\bin;C:\msys64\mingw64\bin;C:\tools\dart-sdk\bin;C:\flutter\bin;C:\Users\tsukk\AppData\Local\Pub\Cache\bin;C:\Users\tsukk\OneDrive\Documents\Rainmeter\Skins\#Mond;C:\Program Files\JetBrains\IntelliJ IDEA 2024.1.2\bin;;C:\Program Files\JetBrains\IntelliJ IDEA Community Edition 2024.1.2\bin;;C:\Users\tsukk\apache-maven-3.9.8\bin;C:\Program Files\apache-maven-3.9.3\bin;C:\Program Files\OpenJDK\jdk-22.0.2\bin;C:\Users\tsukk\AppData\Local\GitHubDesktop\bin;C:\Users\tsukk\AppData\Roaming\npm;C:\Users\tsukk\AppData\Roaming\cabal\bin;C:\tools\ghc-9.8.2\bin;C:\Program Files (x86)\Nmap;C:\Users\tsukk\go\bin;C:\Program Files\nodejs\;;C:\Program Files\OpenJDK\jdk-22.0.2\bin
Check launcher:	C:\Program Files\OpenJDK\jdk-22.0.2\bin\javaw.exe (OK)
Check javac:	C:\Program Files\OpenJDK\jdk-22.0.2\bin\javac.exe (OK)
Version string: 1.022.000_002 / 64-Bit (OK)
Launcher:	C:\Program Files\OpenJDK\jdk-22.0.2\bin\javaw.exe
Launcher args:	C:\Program Files\OpenJDK\jdk-22.0.2\lib -jar "C:\Users\tsukk\repos\cbyte\C-Byte.exe"
Args length:	84/32768 chars
Exit code:	0


Version:	3.50
CmdLine:	C:\Users\tsukk\repos\cbyte\C-Byte.exe --l4j-debug
JNI:		No
WOW64:		Yes
Working dir:	C:\Users\tsukk\repos\cbyte\.
Requires JDK:	Yes
Requires 64-Bit: No
Java min ver:	1.022.000
Java max ver:	
Substitute:	JAVA_HOME = C:\Program Files\OpenJDK\jdk-22.0.2
Substitute:	PATH = C:\Python312\Scripts\;C:\Python312\;C:\Program Files\Microsoft\jdk-17.0.11.9-hotspot\bin;C:\Program Files (x86)\Common Files\Oracle\Java\javapath;C:\db_home\bin;C:\Users\tsukk\Downloads\db_home\bin;C:\Windows\system32;C:\Windows;C:\Windows\System32\Wbem;C:\Windows\System32\WindowsPowerShell\v1.0\;C:\Windows\System32\OpenSSH\;C:\Program Files\apache-maven-3.9.3\bin;C:\ProgramData\chocolatey\bin;C:\Program Files (x86)\Windows Kits\10\Windows Performance Toolkit\;C:\Program Files\Git\cmd;C:\Program Files\dotnet\;C:\Program Files\nodejs\;C:\Windows\System32\node_modules\.bin;C:\Program Files (x86)\Go\bin;C:\Gradle\gradle-8.10.2\bin;C:\Program Files\MySQL\MySQL Server 8.4\bin;C:\Users\tsukk\AppData\Local\Android\Sdk\platform-tools;C:\Program Files\Docker\Docker\resources\bin;C:\Program Files\NASM;C:\Program Files\MySQL\MySQL Shell 8.0\bin\;C:\Users\tsukk\.cargo\bin;C:\Users\tsukk\AppData\Local\Android\Sdk\platform-tools;C:\Users\tsukk\AppData\Local\Programs\Python\Python311\;C:\Users\tsukk\AppData\Local\Microsoft\WindowsApps;C:\Users\tsukk\AppData\Local\Programs\Microsoft VS Code\bin;C:\msys64\mingw64\bin;C:\tools\dart-sdk\bin;C:\flutter\bin;C:\Users\tsukk\AppData\Local\Pub\Cache\bin;C:\Users\tsukk\OneDrive\Documents\Rainmeter\Skins\#Mond;C:\Program Files\JetBrains\IntelliJ IDEA 2024.1.2\bin;;C:\Program Files\JetBrains\IntelliJ IDEA Community Edition 2024.1.2\bin;;C:\Users\tsukk\apache-maven-3.9.8\bin;C:\Program Files\apache-maven-3.9.3\bin;C:\Program Files\OpenJDK\jdk-22.0.2\bin;C:\Users\tsukk\AppData\Local\GitHubDesktop\bin;C:\Users\tsukk\AppData\Roaming\npm;C:\Users\tsukk\AppData\Roaming\cabal\bin;C:\tools\ghc-9.8.2\bin;C:\Program Files (x86)\Nmap;C:\Users\tsukk\go\bin;C:\Program Files\nodejs\;;C:\Program Files\OpenJDK\jdk-22.0.2\bin
JRE paths:	C:\Program Files\OpenJDK\jdk-22.0.2;C:\Python312\Scripts\;C:\Python312\;C:\Program Files\Microsoft\jdk-17.0.11.9-hotspot\bin;C:\Program Files (x86)\Common Files\Oracle\Java\javapath;C:\db_home\bin;C:\Users\tsukk\Downloads\db_home\bin;C:\Windows\system32;C:\Windows;C:\Windows\System32\Wbem;C:\Windows\System32\WindowsPowerShell\v1.0\;C:\Windows\System32\OpenSSH\;C:\Program Files\apache-maven-3.9.3\bin;C:\ProgramData\chocolatey\bin;C:\Program Files (x86)\Windows Kits\10\Windows Performance Toolkit\;C:\Program Files\Git\cmd;C:\Program Files\dotnet\;C:\Program Files\nodejs\;C:\Windows\System32\node_modules\.bin;C:\Program Files (x86)\Go\bin;C:\Gradle\gradle-8.10.2\bin;C:\Program Files\MySQL\MySQL Server 8.4\bin;C:\Users\tsukk\AppData\Local\Android\Sdk\platform-tools;C:\Program Files\Docker\Docker\resources\bin;C:\Program Files\NASM;C:\Program Files\MySQL\MySQL Shell 8.0\bin\;C:\Users\tsukk\.cargo\bin;C:\Users\tsukk\AppData\Local\Android\Sdk\platform-tools;C:\Users\tsukk\AppData\Local\Programs\Python\Python311\;C:\Users\tsukk\AppData\Local\Microsoft\WindowsApps;C:\Users\tsukk\AppData\Local\Programs\Microsoft VS Code\bin;C:\msys64\mingw64\bin;C:\tools\dart-sdk\bin;C:\flutter\bin;C:\Users\tsukk\AppData\Local\Pub\Cache\bin;C:\Users\tsukk\OneDrive\Documents\Rainmeter\Skins\#Mond;C:\Program Files\JetBrains\IntelliJ IDEA 2024.1.2\bin;;C:\Program Files\JetBrains\IntelliJ IDEA Community Edition 2024.1.2\bin;;C:\Users\tsukk\apache-maven-3.9.8\bin;C:\Program Files\apache-maven-3.9.3\bin;C:\Program Files\OpenJDK\jdk-22.0.2\bin;C:\Users\tsukk\AppData\Local\GitHubDesktop\bin;C:\Users\tsukk\AppData\Roaming\npm;C:\Users\tsukk\AppData\Roaming\cabal\bin;C:\tools\ghc-9.8.2\bin;C:\Program Files (x86)\Nmap;C:\Users\tsukk\go\bin;C:\Program Files\nodejs\;;C:\Program Files\OpenJDK\jdk-22.0.2\bin
Check launcher:	C:\Program Files\OpenJDK\jdk-22.0.2\bin\javaw.exe (OK)
Check javac:	C:\Program Files\OpenJDK\jdk-22.0.2\bin\javac.exe (OK)
Version string: 1.022.000_002 / 64-Bit (OK)
Launcher:	C:\Program Files\OpenJDK\jdk-22.0.2\bin\javaw.exe
Launcher args:	C:\Users\tsukk\.jdks\openjdk-22.0.2\lib -jar "C:\Users\tsukk\repos\cbyte\C-Byte.exe"
Args length:	84/32768 chars
Exit code:	0


Version:	3.50
CmdLine:	C:\Users\tsukk\repos\cbyte\C-Byte.exe --l4j-debug
JNI:		No
WOW64:		Yes
Working dir:	C:\Users\tsukk\repos\cbyte\.
Requires JDK:	Yes
Requires 64-Bit: No
Java min ver:	1.022.000
Java max ver:	
Substitute:	JAVA_HOME = C:\Program Files\OpenJDK\jdk-22.0.2
Substitute:	PATH = C:\Python312\Scripts\;C:\Python312\;C:\Program Files\Microsoft\jdk-17.0.11.9-hotspot\bin;C:\Program Files (x86)\Common Files\Oracle\Java\javapath;C:\db_home\bin;C:\Users\tsukk\Downloads\db_home\bin;C:\Windows\system32;C:\Windows;C:\Windows\System32\Wbem;C:\Windows\System32\WindowsPowerShell\v1.0\;C:\Windows\System32\OpenSSH\;C:\Program Files\apache-maven-3.9.3\bin;C:\ProgramData\chocolatey\bin;C:\Program Files (x86)\Windows Kits\10\Windows Performance Toolkit\;C:\Program Files\Git\cmd;C:\Program Files\dotnet\;C:\Program Files\nodejs\;C:\Windows\System32\node_modules\.bin;C:\Program Files (x86)\Go\bin;C:\Gradle\gradle-8.10.2\bin;C:\Program Files\MySQL\MySQL Server 8.4\bin;C:\Users\tsukk\AppData\Local\Android\Sdk\platform-tools;C:\Program Files\Docker\Docker\resources\bin;C:\Program Files\NASM;C:\Program Files\MySQL\MySQL Shell 8.0\bin\;C:\Users\tsukk\.cargo\bin;C:\Users\tsukk\AppData\Local\Android\Sdk\platform-tools;C:\Users\tsukk\AppData\Local\Programs\Python\Python311\;C:\Users\tsukk\AppData\Local\Microsoft\WindowsApps;C:\Users\tsukk\AppData\Local\Programs\Microsoft VS Code\bin;C:\msys64\mingw64\bin;C:\tools\dart-sdk\bin;C:\flutter\bin;C:\Users\tsukk\AppData\Local\Pub\Cache\bin;C:\Users\tsukk\OneDrive\Documents\Rainmeter\Skins\#Mond;C:\Program Files\JetBrains\IntelliJ IDEA 2024.1.2\bin;;C:\Program Files\JetBrains\IntelliJ IDEA Community Edition 2024.1.2\bin;;C:\Users\tsukk\apache-maven-3.9.8\bin;C:\Program Files\apache-maven-3.9.3\bin;C:\Program Files\OpenJDK\jdk-22.0.2\bin;C:\Users\tsukk\AppData\Local\GitHubDesktop\bin;C:\Users\tsukk\AppData\Roaming\npm;C:\Users\tsukk\AppData\Roaming\cabal\bin;C:\tools\ghc-9.8.2\bin;C:\Program Files (x86)\Nmap;C:\Users\tsukk\go\bin;C:\Program Files\nodejs\;;C:\Program Files\OpenJDK\jdk-22.0.2\bin
JRE paths:	C:\Program Files\OpenJDK\jdk-22.0.2;C:\Python312\Scripts\;C:\Python312\;C:\Program Files\Microsoft\jdk-17.0.11.9-hotspot\bin;C:\Program Files (x86)\Common Files\Oracle\Java\javapath;C:\db_home\bin;C:\Users\tsukk\Downloads\db_home\bin;C:\Windows\system32;C:\Windows;C:\Windows\System32\Wbem;C:\Windows\System32\WindowsPowerShell\v1.0\;C:\Windows\System32\OpenSSH\;C:\Program Files\apache-maven-3.9.3\bin;C:\ProgramData\chocolatey\bin;C:\Program Files (x86)\Windows Kits\10\Windows Performance Toolkit\;C:\Program Files\Git\cmd;C:\Program Files\dotnet\;C:\Program Files\nodejs\;C:\Windows\System32\node_modules\.bin;C:\Program Files (x86)\Go\bin;C:\Gradle\gradle-8.10.2\bin;C:\Program Files\MySQL\MySQL Server 8.4\bin;C:\Users\tsukk\AppData\Local\Android\Sdk\platform-tools;C:\Program Files\Docker\Docker\resources\bin;C:\Program Files\NASM;C:\Program Files\MySQL\MySQL Shell 8.0\bin\;C:\Users\tsukk\.cargo\bin;C:\Users\tsukk\AppData\Local\Android\Sdk\platform-tools;C:\Users\tsukk\AppData\Local\Programs\Python\Python311\;C:\Users\tsukk\AppData\Local\Microsoft\WindowsApps;C:\Users\tsukk\AppData\Local\Programs\Microsoft VS Code\bin;C:\msys64\mingw64\bin;C:\tools\dart-sdk\bin;C:\flutter\bin;C:\Users\tsukk\AppData\Local\Pub\Cache\bin;C:\Users\tsukk\OneDrive\Documents\Rainmeter\Skins\#Mond;C:\Program Files\JetBrains\IntelliJ IDEA 2024.1.2\bin;;C:\Program Files\JetBrains\IntelliJ IDEA Community Edition 2024.1.2\bin;;C:\Users\tsukk\apache-maven-3.9.8\bin;C:\Program Files\apache-maven-3.9.3\bin;C:\Program Files\OpenJDK\jdk-22.0.2\bin;C:\Users\tsukk\AppData\Local\GitHubDesktop\bin;C:\Users\tsukk\AppData\Roaming\npm;C:\Users\tsukk\AppData\Roaming\cabal\bin;C:\tools\ghc-9.8.2\bin;C:\Program Files (x86)\Nmap;C:\Users\tsukk\go\bin;C:\Program Files\nodejs\;;C:\Program Files\OpenJDK\jdk-22.0.2\bin
Check launcher:	C:\Program Files\OpenJDK\jdk-22.0.2\bin\javaw.exe (OK)
Check javac:	C:\Program Files\OpenJDK\jdk-22.0.2\bin\javac.exe (OK)
Version string: 1.022.000_002 / 64-Bit (OK)
Launcher:	C:\Program Files\OpenJDK\jdk-22.0.2\bin\javaw.exe
Launcher args:	C:\Users\tsukk\.jdks\openjdk-22.0.2\bin -jar "C:\Users\tsukk\repos\cbyte\C-Byte.exe"
Args length:	84/32768 chars
Exit code:	0


Version:	3.50
CmdLine:	C:\Users\tsukk\repos\cbyte\C-Byte.exe --l4j-debug
JNI:		No
WOW64:		Yes
Working dir:	C:\Users\tsukk\repos\cbyte\.
Requires JDK:	Yes
Requires 64-Bit: No
Java min ver:	1.022.000
Java max ver:	
Substitute:	JAVA_HOME = C:\Program Files\OpenJDK\jdk-22.0.2
Substitute:	PATH = C:\Python312\Scripts\;C:\Python312\;C:\Program Files\Microsoft\jdk-17.0.11.9-hotspot\bin;C:\Program Files (x86)\Common Files\Oracle\Java\javapath;C:\db_home\bin;C:\Users\tsukk\Downloads\db_home\bin;C:\Windows\system32;C:\Windows;C:\Windows\System32\Wbem;C:\Windows\System32\WindowsPowerShell\v1.0\;C:\Windows\System32\OpenSSH\;C:\Program Files\apache-maven-3.9.3\bin;C:\ProgramData\chocolatey\bin;C:\Program Files (x86)\Windows Kits\10\Windows Performance Toolkit\;C:\Program Files\Git\cmd;C:\Program Files\dotnet\;C:\Program Files\nodejs\;C:\Windows\System32\node_modules\.bin;C:\Program Files (x86)\Go\bin;C:\Gradle\gradle-8.10.2\bin;C:\Program Files\MySQL\MySQL Server 8.4\bin;C:\Users\tsukk\AppData\Local\Android\Sdk\platform-tools;C:\Program Files\Docker\Docker\resources\bin;C:\Program Files\NASM;C:\Program Files\MySQL\MySQL Shell 8.0\bin\;C:\Users\tsukk\.cargo\bin;C:\Users\tsukk\AppData\Local\Android\Sdk\platform-tools;C:\Users\tsukk\AppData\Local\Programs\Python\Python311\;C:\Users\tsukk\AppData\Local\Microsoft\WindowsApps;C:\Users\tsukk\AppData\Local\Programs\Microsoft VS Code\bin;C:\msys64\mingw64\bin;C:\tools\dart-sdk\bin;C:\flutter\bin;C:\Users\tsukk\AppData\Local\Pub\Cache\bin;C:\Users\tsukk\OneDrive\Documents\Rainmeter\Skins\#Mond;C:\Program Files\JetBrains\IntelliJ IDEA 2024.1.2\bin;;C:\Program Files\JetBrains\IntelliJ IDEA Community Edition 2024.1.2\bin;;C:\Users\tsukk\apache-maven-3.9.8\bin;C:\Program Files\apache-maven-3.9.3\bin;C:\Program Files\OpenJDK\jdk-22.0.2\bin;C:\Users\tsukk\AppData\Local\GitHubDesktop\bin;C:\Users\tsukk\AppData\Roaming\npm;C:\Users\tsukk\AppData\Roaming\cabal\bin;C:\tools\ghc-9.8.2\bin;C:\Program Files (x86)\Nmap;C:\Users\tsukk\go\bin;C:\Program Files\nodejs\;;C:\Program Files\OpenJDK\jdk-22.0.2\bin
JRE paths:	C:\Program Files\OpenJDK\jdk-22.0.2;C:\Python312\Scripts\;C:\Python312\;C:\Program Files\Microsoft\jdk-17.0.11.9-hotspot\bin;C:\Program Files (x86)\Common Files\Oracle\Java\javapath;C:\db_home\bin;C:\Users\tsukk\Downloads\db_home\bin;C:\Windows\system32;C:\Windows;C:\Windows\System32\Wbem;C:\Windows\System32\WindowsPowerShell\v1.0\;C:\Windows\System32\OpenSSH\;C:\Program Files\apache-maven-3.9.3\bin;C:\ProgramData\chocolatey\bin;C:\Program Files (x86)\Windows Kits\10\Windows Performance Toolkit\;C:\Program Files\Git\cmd;C:\Program Files\dotnet\;C:\Program Files\nodejs\;C:\Windows\System32\node_modules\.bin;C:\Program Files (x86)\Go\bin;C:\Gradle\gradle-8.10.2\bin;C:\Program Files\MySQL\MySQL Server 8.4\bin;C:\Users\tsukk\AppData\Local\Android\Sdk\platform-tools;C:\Program Files\Docker\Docker\resources\bin;C:\Program Files\NASM;C:\Program Files\MySQL\MySQL Shell 8.0\bin\;C:\Users\tsukk\.cargo\bin;C:\Users\tsukk\AppData\Local\Android\Sdk\platform-tools;C:\Users\tsukk\AppData\Local\Programs\Python\Python311\;C:\Users\tsukk\AppData\Local\Microsoft\WindowsApps;C:\Users\tsukk\AppData\Local\Programs\Microsoft VS Code\bin;C:\msys64\mingw64\bin;C:\tools\dart-sdk\bin;C:\flutter\bin;C:\Users\tsukk\AppData\Local\Pub\Cache\bin;C:\Users\tsukk\OneDrive\Documents\Rainmeter\Skins\#Mond;C:\Program Files\JetBrains\IntelliJ IDEA 2024.1.2\bin;;C:\Program Files\JetBrains\IntelliJ IDEA Community Edition 2024.1.2\bin;;C:\Users\tsukk\apache-maven-3.9.8\bin;C:\Program Files\apache-maven-3.9.3\bin;C:\Program Files\OpenJDK\jdk-22.0.2\bin;C:\Users\tsukk\AppData\Local\GitHubDesktop\bin;C:\Users\tsukk\AppData\Roaming\npm;C:\Users\tsukk\AppData\Roaming\cabal\bin;C:\tools\ghc-9.8.2\bin;C:\Program Files (x86)\Nmap;C:\Users\tsukk\go\bin;C:\Program Files\nodejs\;;C:\Program Files\OpenJDK\jdk-22.0.2\bin
Check launcher:	C:\Program Files\OpenJDK\jdk-22.0.2\bin\javaw.exe (OK)
Check javac:	C:\Program Files\OpenJDK\jdk-22.0.2\bin\javac.exe (OK)
Version string: 1.022.000_002 / 64-Bit (OK)
Launcher:	C:\Program Files\OpenJDK\jdk-22.0.2\bin\javaw.exe
Launcher args:	--module-path "C:\Users\tsukk\.jdks\openjdk-22.0.2\lib" --add-modules javafx.controls,javafx.fxml,javafx.web -jar "C:\Users\tsukk\repos\cbyte\C-Byte.exe"
Args length:	153/32768 chars
Exit code:	0


Version:	3.50
CmdLine:	C:\Users\tsukk\repos\cbyte\cbyte.exe --l4j-debug
JNI:		No
WOW64:		Yes
Working dir:	C:\Users\tsukk\repos\cbyte\.
Requires JDK:	Yes
Requires 64-Bit: No
Java min ver:	1.022.000
Java max ver:	
Substitute:	JAVA_HOME = C:\Program Files\OpenJDK\jdk-22.0.2
Substitute:	PATH = C:\Python312\Scripts\;C:\Python312\;C:\Program Files\Microsoft\jdk-17.0.11.9-hotspot\bin;C:\Program Files (x86)\Common Files\Oracle\Java\javapath;C:\db_home\bin;C:\Users\tsukk\Downloads\db_home\bin;C:\Windows\system32;C:\Windows;C:\Windows\System32\Wbem;C:\Windows\System32\WindowsPowerShell\v1.0\;C:\Windows\System32\OpenSSH\;C:\Program Files\apache-maven-3.9.3\bin;C:\ProgramData\chocolatey\bin;C:\Program Files (x86)\Windows Kits\10\Windows Performance Toolkit\;C:\Program Files\Git\cmd;C:\Program Files\dotnet\;C:\Program Files\nodejs\;C:\Windows\System32\node_modules\.bin;C:\Program Files (x86)\Go\bin;C:\Gradle\gradle-8.10.2\bin;C:\Program Files\MySQL\MySQL Server 8.4\bin;C:\Users\tsukk\AppData\Local\Android\Sdk\platform-tools;C:\Program Files\Docker\Docker\resources\bin;C:\Program Files\NASM;C:\Program Files\MySQL\MySQL Shell 8.0\bin\;C:\Users\tsukk\.cargo\bin;C:\Users\tsukk\AppData\Local\Android\Sdk\platform-tools;C:\Users\tsukk\AppData\Local\Programs\Python\Python311\;C:\Users\tsukk\AppData\Local\Microsoft\WindowsApps;C:\Users\tsukk\AppData\Local\Programs\Microsoft VS Code\bin;C:\msys64\mingw64\bin;C:\tools\dart-sdk\bin;C:\flutter\bin;C:\Users\tsukk\AppData\Local\Pub\Cache\bin;C:\Users\tsukk\OneDrive\Documents\Rainmeter\Skins\#Mond;C:\Program Files\JetBrains\IntelliJ IDEA 2024.1.2\bin;;C:\Program Files\JetBrains\IntelliJ IDEA Community Edition 2024.1.2\bin;;C:\Users\tsukk\apache-maven-3.9.8\bin;C:\Program Files\apache-maven-3.9.3\bin;C:\Program Files\OpenJDK\jdk-22.0.2\bin;C:\Users\tsukk\AppData\Local\GitHubDesktop\bin;C:\Users\tsukk\AppData\Roaming\npm;C:\Users\tsukk\AppData\Roaming\cabal\bin;C:\tools\ghc-9.8.2\bin;C:\Program Files (x86)\Nmap;C:\Users\tsukk\go\bin;C:\Program Files\nodejs\;;C:\Program Files\OpenJDK\jdk-22.0.2\bin
JRE paths:	C:\Program Files\OpenJDK\jdk-22.0.2;C:\Python312\Scripts\;C:\Python312\;C:\Program Files\Microsoft\jdk-17.0.11.9-hotspot\bin;C:\Program Files (x86)\Common Files\Oracle\Java\javapath;C:\db_home\bin;C:\Users\tsukk\Downloads\db_home\bin;C:\Windows\system32;C:\Windows;C:\Windows\System32\Wbem;C:\Windows\System32\WindowsPowerShell\v1.0\;C:\Windows\System32\OpenSSH\;C:\Program Files\apache-maven-3.9.3\bin;C:\ProgramData\chocolatey\bin;C:\Program Files (x86)\Windows Kits\10\Windows Performance Toolkit\;C:\Program Files\Git\cmd;C:\Program Files\dotnet\;C:\Program Files\nodejs\;C:\Windows\System32\node_modules\.bin;C:\Program Files (x86)\Go\bin;C:\Gradle\gradle-8.10.2\bin;C:\Program Files\MySQL\MySQL Server 8.4\bin;C:\Users\tsukk\AppData\Local\Android\Sdk\platform-tools;C:\Program Files\Docker\Docker\resources\bin;C:\Program Files\NASM;C:\Program Files\MySQL\MySQL Shell 8.0\bin\;C:\Users\tsukk\.cargo\bin;C:\Users\tsukk\AppData\Local\Android\Sdk\platform-tools;C:\Users\tsukk\AppData\Local\Programs\Python\Python311\;C:\Users\tsukk\AppData\Local\Microsoft\WindowsApps;C:\Users\tsukk\AppData\Local\Programs\Microsoft VS Code\bin;C:\msys64\mingw64\bin;C:\tools\dart-sdk\bin;C:\flutter\bin;C:\Users\tsukk\AppData\Local\Pub\Cache\bin;C:\Users\tsukk\OneDrive\Documents\Rainmeter\Skins\#Mond;C:\Program Files\JetBrains\IntelliJ IDEA 2024.1.2\bin;;C:\Program Files\JetBrains\IntelliJ IDEA Community Edition 2024.1.2\bin;;C:\Users\tsukk\apache-maven-3.9.8\bin;C:\Program Files\apache-maven-3.9.3\bin;C:\Program Files\OpenJDK\jdk-22.0.2\bin;C:\Users\tsukk\AppData\Local\GitHubDesktop\bin;C:\Users\tsukk\AppData\Roaming\npm;C:\Users\tsukk\AppData\Roaming\cabal\bin;C:\tools\ghc-9.8.2\bin;C:\Program Files (x86)\Nmap;C:\Users\tsukk\go\bin;C:\Program Files\nodejs\;;C:\Program Files\OpenJDK\jdk-22.0.2\bin
Check launcher:	C:\Program Files\OpenJDK\jdk-22.0.2\bin\javaw.exe (OK)
Check javac:	C:\Program Files\OpenJDK\jdk-22.0.2\bin\javac.exe (OK)
Version string: 1.022.000_002 / 64-Bit (OK)
Launcher:	C:\Program Files\OpenJDK\jdk-22.0.2\bin\javaw.exe
Launcher args:	--module-path "C:\Users\tsukk\.jdks\openjdk-22.0.2\lib" --add-modules javafx.controls,javafx.fxml,javafx.web -jar "C:\Users\tsukk\repos\cbyte\cbyte.exe"
Args length:	152/32768 chars
Exit code:	0


Version:	3.50
CmdLine:	C:\Users\tsukk\repos\cbyte\cbyte.exe --l4j-debug
JNI:		No
WOW64:		Yes
Working dir:	C:\Users\tsukk\repos\cbyte\.
Requires JDK:	Yes
Requires 64-Bit: No
Java min ver:	1.022.000
Java max ver:	
Substitute:	JAVA_HOME = C:\Program Files\OpenJDK\jdk-22.0.2
Substitute:	PATH = C:\Python312\Scripts\;C:\Python312\;C:\Program Files\Microsoft\jdk-17.0.11.9-hotspot\bin;C:\Program Files (x86)\Common Files\Oracle\Java\javapath;C:\db_home\bin;C:\Users\tsukk\Downloads\db_home\bin;C:\Windows\system32;C:\Windows;C:\Windows\System32\Wbem;C:\Windows\System32\WindowsPowerShell\v1.0\;C:\Windows\System32\OpenSSH\;C:\Program Files\apache-maven-3.9.3\bin;C:\ProgramData\chocolatey\bin;C:\Program Files (x86)\Windows Kits\10\Windows Performance Toolkit\;C:\Program Files\Git\cmd;C:\Program Files\dotnet\;C:\Program Files\nodejs\;C:\Windows\System32\node_modules\.bin;C:\Program Files (x86)\Go\bin;C:\Gradle\gradle-8.10.2\bin;C:\Program Files\MySQL\MySQL Server 8.4\bin;C:\Users\tsukk\AppData\Local\Android\Sdk\platform-tools;C:\Program Files\Docker\Docker\resources\bin;C:\Program Files\NASM;C:\Program Files\MySQL\MySQL Shell 8.0\bin\;C:\Users\tsukk\.cargo\bin;C:\Users\tsukk\AppData\Local\Android\Sdk\platform-tools;C:\Users\tsukk\AppData\Local\Programs\Python\Python311\;C:\Users\tsukk\AppData\Local\Microsoft\WindowsApps;C:\Users\tsukk\AppData\Local\Programs\Microsoft VS Code\bin;C:\msys64\mingw64\bin;C:\tools\dart-sdk\bin;C:\flutter\bin;C:\Users\tsukk\AppData\Local\Pub\Cache\bin;C:\Users\tsukk\OneDrive\Documents\Rainmeter\Skins\#Mond;C:\Program Files\JetBrains\IntelliJ IDEA 2024.1.2\bin;;C:\Program Files\JetBrains\IntelliJ IDEA Community Edition 2024.1.2\bin;;C:\Users\tsukk\apache-maven-3.9.8\bin;C:\Program Files\apache-maven-3.9.3\bin;C:\Program Files\OpenJDK\jdk-22.0.2\bin;C:\Users\tsukk\AppData\Local\GitHubDesktop\bin;C:\Users\tsukk\AppData\Roaming\npm;C:\Users\tsukk\AppData\Roaming\cabal\bin;C:\tools\ghc-9.8.2\bin;C:\Program Files (x86)\Nmap;C:\Users\tsukk\go\bin;C:\Program Files\nodejs\;;C:\Program Files\OpenJDK\jdk-22.0.2\bin
JRE paths:	C:\Program Files\OpenJDK\jdk-22.0.2;C:\Python312\Scripts\;C:\Python312\;C:\Program Files\Microsoft\jdk-17.0.11.9-hotspot\bin;C:\Program Files (x86)\Common Files\Oracle\Java\javapath;C:\db_home\bin;C:\Users\tsukk\Downloads\db_home\bin;C:\Windows\system32;C:\Windows;C:\Windows\System32\Wbem;C:\Windows\System32\WindowsPowerShell\v1.0\;C:\Windows\System32\OpenSSH\;C:\Program Files\apache-maven-3.9.3\bin;C:\ProgramData\chocolatey\bin;C:\Program Files (x86)\Windows Kits\10\Windows Performance Toolkit\;C:\Program Files\Git\cmd;C:\Program Files\dotnet\;C:\Program Files\nodejs\;C:\Windows\System32\node_modules\.bin;C:\Program Files (x86)\Go\bin;C:\Gradle\gradle-8.10.2\bin;C:\Program Files\MySQL\MySQL Server 8.4\bin;C:\Users\tsukk\AppData\Local\Android\Sdk\platform-tools;C:\Program Files\Docker\Docker\resources\bin;C:\Program Files\NASM;C:\Program Files\MySQL\MySQL Shell 8.0\bin\;C:\Users\tsukk\.cargo\bin;C:\Users\tsukk\AppData\Local\Android\Sdk\platform-tools;C:\Users\tsukk\AppData\Local\Programs\Python\Python311\;C:\Users\tsukk\AppData\Local\Microsoft\WindowsApps;C:\Users\tsukk\AppData\Local\Programs\Microsoft VS Code\bin;C:\msys64\mingw64\bin;C:\tools\dart-sdk\bin;C:\flutter\bin;C:\Users\tsukk\AppData\Local\Pub\Cache\bin;C:\Users\tsukk\OneDrive\Documents\Rainmeter\Skins\#Mond;C:\Program Files\JetBrains\IntelliJ IDEA 2024.1.2\bin;;C:\Program Files\JetBrains\IntelliJ IDEA Community Edition 2024.1.2\bin;;C:\Users\tsukk\apache-maven-3.9.8\bin;C:\Program Files\apache-maven-3.9.3\bin;C:\Program Files\OpenJDK\jdk-22.0.2\bin;C:\Users\tsukk\AppData\Local\GitHubDesktop\bin;C:\Users\tsukk\AppData\Roaming\npm;C:\Users\tsukk\AppData\Roaming\cabal\bin;C:\tools\ghc-9.8.2\bin;C:\Program Files (x86)\Nmap;C:\Users\tsukk\go\bin;C:\Program Files\nodejs\;;C:\Program Files\OpenJDK\jdk-22.0.2\bin
Check launcher:	C:\Program Files\OpenJDK\jdk-22.0.2\bin\javaw.exe (OK)
Check javac:	C:\Program Files\OpenJDK\jdk-22.0.2\bin\javac.exe (OK)
Version string: 1.022.000_002 / 64-Bit (OK)
Launcher:	C:\Program Files\OpenJDK\jdk-22.0.2\bin\javaw.exe
Launcher args:	-jar "C:\Users\tsukk\repos\cbyte\cbyte.exe"
Args length:	43/32768 chars
Exit code:	0


Version:	3.50
CmdLine:	C:\Users\tsukk\repos\cbyte\cbyte.exe --l4j-debug
JNI:		No
WOW64:		Yes
Working dir:	C:\Users\tsukk\repos\cbyte\.
Requires JDK:	Yes
Requires 64-Bit: No
Java min ver:	1.022.000
Java max ver:	
Substitute:	JAVA_HOME = C:\Program Files\OpenJDK\jdk-22.0.2
Substitute:	PATH = C:\Python312\Scripts\;C:\Python312\;C:\Program Files\Microsoft\jdk-17.0.11.9-hotspot\bin;C:\Program Files (x86)\Common Files\Oracle\Java\javapath;C:\db_home\bin;C:\Users\tsukk\Downloads\db_home\bin;C:\Windows\system32;C:\Windows;C:\Windows\System32\Wbem;C:\Windows\System32\WindowsPowerShell\v1.0\;C:\Windows\System32\OpenSSH\;C:\Program Files\apache-maven-3.9.3\bin;C:\ProgramData\chocolatey\bin;C:\Program Files (x86)\Windows Kits\10\Windows Performance Toolkit\;C:\Program Files\Git\cmd;C:\Program Files\dotnet\;C:\Program Files\nodejs\;C:\Windows\System32\node_modules\.bin;C:\Program Files (x86)\Go\bin;C:\Gradle\gradle-8.10.2\bin;C:\Program Files\MySQL\MySQL Server 8.4\bin;C:\Users\tsukk\AppData\Local\Android\Sdk\platform-tools;C:\Program Files\Docker\Docker\resources\bin;C:\Program Files\NASM;C:\Program Files\MySQL\MySQL Shell 8.0\bin\;C:\Users\tsukk\.cargo\bin;C:\Users\tsukk\AppData\Local\Android\Sdk\platform-tools;C:\Users\tsukk\AppData\Local\Programs\Python\Python311\;C:\Users\tsukk\AppData\Local\Microsoft\WindowsApps;C:\Users\tsukk\AppData\Local\Programs\Microsoft VS Code\bin;C:\msys64\mingw64\bin;C:\tools\dart-sdk\bin;C:\flutter\bin;C:\Users\tsukk\AppData\Local\Pub\Cache\bin;C:\Users\tsukk\OneDrive\Documents\Rainmeter\Skins\#Mond;C:\Program Files\JetBrains\IntelliJ IDEA 2024.1.2\bin;;C:\Program Files\JetBrains\IntelliJ IDEA Community Edition 2024.1.2\bin;;C:\Users\tsukk\apache-maven-3.9.8\bin;C:\Program Files\apache-maven-3.9.3\bin;C:\Program Files\OpenJDK\jdk-22.0.2\bin;C:\Users\tsukk\AppData\Local\GitHubDesktop\bin;C:\Users\tsukk\AppData\Roaming\npm;C:\Users\tsukk\AppData\Roaming\cabal\bin;C:\tools\ghc-9.8.2\bin;C:\Program Files (x86)\Nmap;C:\Users\tsukk\go\bin;C:\Program Files\nodejs\;;C:\Program Files\OpenJDK\jdk-22.0.2\bin
JRE paths:	C:\Program Files\OpenJDK\jdk-22.0.2;C:\Python312\Scripts\;C:\Python312\;C:\Program Files\Microsoft\jdk-17.0.11.9-hotspot\bin;C:\Program Files (x86)\Common Files\Oracle\Java\javapath;C:\db_home\bin;C:\Users\tsukk\Downloads\db_home\bin;C:\Windows\system32;C:\Windows;C:\Windows\System32\Wbem;C:\Windows\System32\WindowsPowerShell\v1.0\;C:\Windows\System32\OpenSSH\;C:\Program Files\apache-maven-3.9.3\bin;C:\ProgramData\chocolatey\bin;C:\Program Files (x86)\Windows Kits\10\Windows Performance Toolkit\;C:\Program Files\Git\cmd;C:\Program Files\dotnet\;C:\Program Files\nodejs\;C:\Windows\System32\node_modules\.bin;C:\Program Files (x86)\Go\bin;C:\Gradle\gradle-8.10.2\bin;C:\Program Files\MySQL\MySQL Server 8.4\bin;C:\Users\tsukk\AppData\Local\Android\Sdk\platform-tools;C:\Program Files\Docker\Docker\resources\bin;C:\Program Files\NASM;C:\Program Files\MySQL\MySQL Shell 8.0\bin\;C:\Users\tsukk\.cargo\bin;C:\Users\tsukk\AppData\Local\Android\Sdk\platform-tools;C:\Users\tsukk\AppData\Local\Programs\Python\Python311\;C:\Users\tsukk\AppData\Local\Microsoft\WindowsApps;C:\Users\tsukk\AppData\Local\Programs\Microsoft VS Code\bin;C:\msys64\mingw64\bin;C:\tools\dart-sdk\bin;C:\flutter\bin;C:\Users\tsukk\AppData\Local\Pub\Cache\bin;C:\Users\tsukk\OneDrive\Documents\Rainmeter\Skins\#Mond;C:\Program Files\JetBrains\IntelliJ IDEA 2024.1.2\bin;;C:\Program Files\JetBrains\IntelliJ IDEA Community Edition 2024.1.2\bin;;C:\Users\tsukk\apache-maven-3.9.8\bin;C:\Program Files\apache-maven-3.9.3\bin;C:\Program Files\OpenJDK\jdk-22.0.2\bin;C:\Users\tsukk\AppData\Local\GitHubDesktop\bin;C:\Users\tsukk\AppData\Roaming\npm;C:\Users\tsukk\AppData\Roaming\cabal\bin;C:\tools\ghc-9.8.2\bin;C:\Program Files (x86)\Nmap;C:\Users\tsukk\go\bin;C:\Program Files\nodejs\;;C:\Program Files\OpenJDK\jdk-22.0.2\bin
Check launcher:	C:\Program Files\OpenJDK\jdk-22.0.2\bin\javaw.exe (OK)
Check javac:	C:\Program Files\OpenJDK\jdk-22.0.2\bin\javac.exe (OK)
Version string: 1.022.000_002 / 64-Bit (OK)
Launcher:	C:\Program Files\OpenJDK\jdk-22.0.2\bin\javaw.exe
Launcher args:	--module-path "C:\Program Files\javafx\javafx-sdk-23.0.1\lib" --add-modules javafx.controls,javafx.fxml,javafx.web -jar "C:\Users\tsukk\repos\cbyte\cbyte.exe"
Args length:	158/32768 chars
Exit code:	0


Version:	3.50
CmdLine:	C:\Users\tsukk\repos\cbyte\C-Byte.exe --l4j-debug
JNI:		No
WOW64:		Yes
Working dir:	C:\Users\tsukk\repos\cbyte\.
Requires JDK:	Yes
Requires 64-Bit: No
Java min ver:	1.022.000
Java max ver:	
Substitute:	JAVA_HOME = C:\Program Files\OpenJDK\jdk-22.0.2
Substitute:	PATH = C:\Python312\Scripts\;C:\Python312\;C:\Program Files\Microsoft\jdk-17.0.11.9-hotspot\bin;C:\Program Files (x86)\Common Files\Oracle\Java\javapath;C:\db_home\bin;C:\Users\tsukk\Downloads\db_home\bin;C:\Windows\system32;C:\Windows;C:\Windows\System32\Wbem;C:\Windows\System32\WindowsPowerShell\v1.0\;C:\Windows\System32\OpenSSH\;C:\Program Files\apache-maven-3.9.3\bin;C:\ProgramData\chocolatey\bin;C:\Program Files (x86)\Windows Kits\10\Windows Performance Toolkit\;C:\Program Files\Git\cmd;C:\Program Files\dotnet\;C:\Program Files\nodejs\;C:\Windows\System32\node_modules\.bin;C:\Program Files (x86)\Go\bin;C:\Gradle\gradle-8.10.2\bin;C:\Program Files\MySQL\MySQL Server 8.4\bin;C:\Users\tsukk\AppData\Local\Android\Sdk\platform-tools;C:\Program Files\Docker\Docker\resources\bin;C:\Program Files\NASM;C:\Program Files\MySQL\MySQL Shell 8.0\bin\;C:\Users\tsukk\.cargo\bin;C:\Users\tsukk\AppData\Local\Android\Sdk\platform-tools;C:\Users\tsukk\AppData\Local\Programs\Python\Python311\;C:\Users\tsukk\AppData\Local\Microsoft\WindowsApps;C:\Users\tsukk\AppData\Local\Programs\Microsoft VS Code\bin;C:\msys64\mingw64\bin;C:\tools\dart-sdk\bin;C:\flutter\bin;C:\Users\tsukk\AppData\Local\Pub\Cache\bin;C:\Users\tsukk\OneDrive\Documents\Rainmeter\Skins\#Mond;C:\Program Files\JetBrains\IntelliJ IDEA 2024.1.2\bin;;C:\Program Files\JetBrains\IntelliJ IDEA Community Edition 2024.1.2\bin;;C:\Users\tsukk\apache-maven-3.9.8\bin;C:\Program Files\apache-maven-3.9.3\bin;C:\Program Files\OpenJDK\jdk-22.0.2\bin;C:\Users\tsukk\AppData\Local\GitHubDesktop\bin;C:\Users\tsukk\AppData\Roaming\npm;C:\Users\tsukk\AppData\Roaming\cabal\bin;C:\tools\ghc-9.8.2\bin;C:\Program Files (x86)\Nmap;C:\Users\tsukk\go\bin;C:\Program Files\nodejs\;;C:\Program Files\OpenJDK\jdk-22.0.2\bin
JRE paths:	C:\Program Files\OpenJDK\jdk-22.0.2;C:\Python312\Scripts\;C:\Python312\;C:\Program Files\Microsoft\jdk-17.0.11.9-hotspot\bin;C:\Program Files (x86)\Common Files\Oracle\Java\javapath;C:\db_home\bin;C:\Users\tsukk\Downloads\db_home\bin;C:\Windows\system32;C:\Windows;C:\Windows\System32\Wbem;C:\Windows\System32\WindowsPowerShell\v1.0\;C:\Windows\System32\OpenSSH\;C:\Program Files\apache-maven-3.9.3\bin;C:\ProgramData\chocolatey\bin;C:\Program Files (x86)\Windows Kits\10\Windows Performance Toolkit\;C:\Program Files\Git\cmd;C:\Program Files\dotnet\;C:\Program Files\nodejs\;C:\Windows\System32\node_modules\.bin;C:\Program Files (x86)\Go\bin;C:\Gradle\gradle-8.10.2\bin;C:\Program Files\MySQL\MySQL Server 8.4\bin;C:\Users\tsukk\AppData\Local\Android\Sdk\platform-tools;C:\Program Files\Docker\Docker\resources\bin;C:\Program Files\NASM;C:\Program Files\MySQL\MySQL Shell 8.0\bin\;C:\Users\tsukk\.cargo\bin;C:\Users\tsukk\AppData\Local\Android\Sdk\platform-tools;C:\Users\tsukk\AppData\Local\Programs\Python\Python311\;C:\Users\tsukk\AppData\Local\Microsoft\WindowsApps;C:\Users\tsukk\AppData\Local\Programs\Microsoft VS Code\bin;C:\msys64\mingw64\bin;C:\tools\dart-sdk\bin;C:\flutter\bin;C:\Users\tsukk\AppData\Local\Pub\Cache\bin;C:\Users\tsukk\OneDrive\Documents\Rainmeter\Skins\#Mond;C:\Program Files\JetBrains\IntelliJ IDEA 2024.1.2\bin;;C:\Program Files\JetBrains\IntelliJ IDEA Community Edition 2024.1.2\bin;;C:\Users\tsukk\apache-maven-3.9.8\bin;C:\Program Files\apache-maven-3.9.3\bin;C:\Program Files\OpenJDK\jdk-22.0.2\bin;C:\Users\tsukk\AppData\Local\GitHubDesktop\bin;C:\Users\tsukk\AppData\Roaming\npm;C:\Users\tsukk\AppData\Roaming\cabal\bin;C:\tools\ghc-9.8.2\bin;C:\Program Files (x86)\Nmap;C:\Users\tsukk\go\bin;C:\Program Files\nodejs\;;C:\Program Files\OpenJDK\jdk-22.0.2\bin
Check launcher:	C:\Program Files\OpenJDK\jdk-22.0.2\bin\javaw.exe (OK)
Check javac:	C:\Program Files\OpenJDK\jdk-22.0.2\bin\javac.exe (OK)
Version string: 1.022.000_002 / 64-Bit (OK)
Launcher:	C:\Program Files\OpenJDK\jdk-22.0.2\bin\javaw.exe
Launcher args:	--module-path "C:\Program Files\javafx\javafx-sdk-23.0.1\lib" --add-modules javafx.controls,javafx.fxml,javafx.web -jar "C:\Users\tsukk\repos\cbyte\C-Byte.exe"
Args length:	159/32768 chars
Exit code:	0
